[2019-06-19 15:00:29] local.ERROR: file_put_contents(C:\Users\Bhra Khoby\Desktop\Delipack\storage\framework/sessions/EKK5v29QVZN7LiIu37UPhm0Hyg5ug6JIvbcLHWnj): failed to open stream: No such file or directory {"exception":"[object] (ErrorException(code: 0): file_put_contents(C:\\Users\\Bhra Khoby\\Desktop\\Delipack\\storage\\framework/sessions/EKK5v29QVZN7LiIu37UPhm0Hyg5ug6JIvbcLHWnj): failed to open stream: No such file or directory at /Users/gh0stm0de/Desktop/deliPack/DelipackSuper/vendor/laravel/framework/src/Illuminate/Filesystem/Filesystem.php:122)
[stacktrace]
#0 [internal function]: Illuminate\\Foundation\\Bootstrap\\HandleExceptions->handleError(2, 'file_put_conten...', '/Users/gh0stm0d...', 122, Array)
#1 /Users/gh0stm0de/Desktop/deliPack/DelipackSuper/vendor/laravel/framework/src/Illuminate/Filesystem/Filesystem.php(122): file_put_contents('C:\\\\Users\\\\Bhra K...', 'a:4:{s:6:\"_toke...', 2)
#2 /Users/gh0stm0de/Desktop/deliPack/DelipackSuper/vendor/laravel/framework/src/Illuminate/Session/FileSessionHandler.php(83): Illuminate\\Filesystem\\Filesystem->put('C:\\\\Users\\\\Bhra K...', 'a:4:{s:6:\"_toke...', true)
#3 /Users/gh0stm0de/Desktop/deliPack/DelipackSuper/vendor/laravel/framework/src/Illuminate/Session/Store.php(129): Illuminate\\Session\\FileSessionHandler->write('EKK5v29QVZN7LiI...', 'a:4:{s:6:\"_toke...')
#4 /Users/gh0stm0de/Desktop/deliPack/DelipackSuper/vendor/laravel/framework/src/Illuminate/Session/Middleware/StartSession.php(170): Illuminate\\Session\\Store->save()
#5 /Users/gh0stm0de/Desktop/deliPack/DelipackSuper/vendor/laravel/framework/src/Illuminate/Session/Middleware/StartSession.php(65): Illuminate\\Session\\Middleware\\StartSession->saveSession(Object(Illuminate\\Http\\Request))
#6 /Users/gh0stm0de/Desktop/deliPack/DelipackSuper/vendor/laravel/framework/src/Illuminate/Pipeline/Pipeline.php(163): Illuminate\\Session\\Middleware\\StartSession->handle(Object(Illuminate\\Http\\Request), Object(Closure))
#7 /Users/gh0stm0de/Desktop/deliPack/DelipackSuper/vendor/laravel/framework/src/Illuminate/Routing/Pipeline.php(53): Illuminate\\Pipeline\\Pipeline->Illuminate\\Pipeline\\{closure}(Object(Illuminate\\Http\\Request))
#8 /Users/gh0stm0de/Desktop/deliPack/DelipackSuper/vendor/laravel/framework/src/Illuminate/Cookie/Middleware/AddQueuedCookiesToResponse.php(37): Illuminate\\Routing\\Pipeline->Illuminate\\Routing\\{closure}(Object(Illuminate\\Http\\Request))
#9 /Users/gh0stm0de/Desktop/deliPack/DelipackSuper/vendor/laravel/framework/src/Illuminate/Pipeline/Pipeline.php(163): Illuminate\\Cookie\\Middleware\\AddQueuedCookiesToResponse->handle(Object(Illuminate\\Http\\Request), Object(Closure))
#10 /Users/gh0stm0de/Desktop/deliPack/DelipackSuper/vendor/laravel/framework/src/Illuminate/Routing/Pipeline.php(53): Illuminate\\Pipeline\\Pipeline->Illuminate\\Pipeline\\{closure}(Object(Illuminate\\Http\\Request))
#11 /Users/gh0stm0de/Desktop/deliPack/DelipackSuper/vendor/laravel/framework/src/Illuminate/Cookie/Middleware/EncryptCookies.php(66): Illuminate\\Routing\\Pipeline->Illuminate\\Routing\\{closure}(Object(Illuminate\\Http\\Request))
#12 /Users/gh0stm0de/Desktop/deliPack/DelipackSuper/vendor/laravel/framework/src/Illuminate/Pipeline/Pipeline.php(163): Illuminate\\Cookie\\Middleware\\EncryptCookies->handle(Object(Illuminate\\Http\\Request), Object(Closure))
#13 /Users/gh0stm0de/Desktop/deliPack/DelipackSuper/vendor/laravel/framework/src/Illuminate/Routing/Pipeline.php(53): Illuminate\\Pipeline\\Pipeline->Illuminate\\Pipeline\\{closure}(Object(Illuminate\\Http\\Request))
#14 /Users/gh0stm0de/Desktop/deliPack/DelipackSuper/vendor/laravel/framework/src/Illuminate/Pipeline/Pipeline.php(104): Illuminate\\Routing\\Pipeline->Illuminate\\Routing\\{closure}(Object(Illuminate\\Http\\Request))
#15 /Users/gh0stm0de/Desktop/deliPack/DelipackSuper/vendor/laravel/framework/src/Illuminate/Routing/Router.php(682): Illuminate\\Pipeline\\Pipeline->then(Object(Closure))
#16 /Users/gh0stm0de/Desktop/deliPack/DelipackSuper/vendor/laravel/framework/src/Illuminate/Routing/Router.php(657): Illuminate\\Routing\\Router->runRouteWithinStack(Object(Illuminate\\Routing\\Route), Object(Illuminate\\Http\\Request))
#17 /Users/gh0stm0de/Desktop/deliPack/DelipackSuper/vendor/laravel/framework/src/Illuminate/Routing/Router.php(623): Illuminate\\Routing\\Router->runRoute(Object(Illuminate\\Http\\Request), Object(Illuminate\\Routing\\Route))
#18 /Users/gh0stm0de/Desktop/deliPack/DelipackSuper/vendor/laravel/framework/src/Illuminate/Routing/Router.php(612): Illuminate\\Routing\\Router->dispatchToRoute(Object(Illuminate\\Http\\Request))
#19 /Users/gh0stm0de/Desktop/deliPack/DelipackSuper/vendor/laravel/framework/src/Illuminate/Foundation/Http/Kernel.php(176): Illuminate\\Routing\\Router->dispatch(Object(Illuminate\\Http\\Request))
#20 /Users/gh0stm0de/Desktop/deliPack/DelipackSuper/vendor/laravel/framework/src/Illuminate/Routing/Pipeline.php(30): Illuminate\\Foundation\\Http\\Kernel->Illuminate\\Foundation\\Http\\{closure}(Object(Illuminate\\Http\\Request))
#21 /Users/gh0stm0de/Desktop/deliPack/DelipackSuper/vendor/fideloper/proxy/src/TrustProxies.php(57): Illuminate\\Routing\\Pipeline->Illuminate\\Routing\\{closure}(Object(Illuminate\\Http\\Request))
#22 /Users/gh0stm0de/Desktop/deliPack/DelipackSuper/vendor/laravel/framework/src/Illuminate/Pipeline/Pipeline.php(163): Fideloper\\Proxy\\TrustProxies->handle(Object(Illuminate\\Http\\Request), Object(Closure))
#23 /Users/gh0stm0de/Desktop/deliPack/DelipackSuper/vendor/laravel/framework/src/Illuminate/Routing/Pipeline.php(53): Illuminate\\Pipeline\\Pipeline->Illuminate\\Pipeline\\{closure}(Object(Illuminate\\Http\\Request))
#24 /Users/gh0stm0de/Desktop/deliPack/DelipackSuper/vendor/laravel/framework/src/Illuminate/Foundation/Http/Middleware/TransformsRequest.php(21): Illuminate\\Routing\\Pipeline->Illuminate\\Routing\\{closure}(Object(Illuminate\\Http\\Request))
#25 /Users/gh0stm0de/Desktop/deliPack/DelipackSuper/vendor/laravel/framework/src/Illuminate/Pipeline/Pipeline.php(163): Illuminate\\Foundation\\Http\\Middleware\\TransformsRequest->handle(Object(Illuminate\\Http\\Request), Object(Closure))
#26 /Users/gh0stm0de/Desktop/deliPack/DelipackSuper/vendor/laravel/framework/src/Illuminate/Routing/Pipeline.php(53): Illuminate\\Pipeline\\Pipeline->Illuminate\\Pipeline\\{closure}(Object(Illuminate\\Http\\Request))
#27 /Users/gh0stm0de/Desktop/deliPack/DelipackSuper/vendor/laravel/framework/src/Illuminate/Foundation/Http/Middleware/TransformsRequest.php(21): Illuminate\\Routing\\Pipeline->Illuminate\\Routing\\{closure}(Object(Illuminate\\Http\\Request))
#28 /Users/gh0stm0de/Desktop/deliPack/DelipackSuper/vendor/laravel/framework/src/Illuminate/Pipeline/Pipeline.php(163): Illuminate\\Foundation\\Http\\Middleware\\TransformsRequest->handle(Object(Illuminate\\Http\\Request), Object(Closure))
#29 /Users/gh0stm0de/Desktop/deliPack/DelipackSuper/vendor/laravel/framework/src/Illuminate/Routing/Pipeline.php(53): Illuminate\\Pipeline\\Pipeline->Illuminate\\Pipeline\\{closure}(Object(Illuminate\\Http\\Request))
#30 /Users/gh0stm0de/Desktop/deliPack/DelipackSuper/vendor/laravel/framework/src/Illuminate/Foundation/Http/Middleware/ValidatePostSize.php(27): Illuminate\\Routing\\Pipeline->Illuminate\\Routing\\{closure}(Object(Illuminate\\Http\\Request))
#31 /Users/gh0stm0de/Desktop/deliPack/DelipackSuper/vendor/laravel/framework/src/Illuminate/Pipeline/Pipeline.php(163): Illuminate\\Foundation\\Http\\Middleware\\ValidatePostSize->handle(Object(Illuminate\\Http\\Request), Object(Closure))
#32 /Users/gh0stm0de/Desktop/deliPack/DelipackSuper/vendor/laravel/framework/src/Illuminate/Routing/Pipeline.php(53): Illuminate\\Pipeline\\Pipeline->Illuminate\\Pipeline\\{closure}(Object(Illuminate\\Http\\Request))
#33 /Users/gh0stm0de/Desktop/deliPack/DelipackSuper/vendor/laravel/framework/src/Illuminate/Foundation/Http/Middleware/CheckForMaintenanceMode.php(62): Illuminate\\Routing\\Pipeline->Illuminate\\Routing\\{closure}(Object(Illuminate\\Http\\Request))
#34 /Users/gh0stm0de/Desktop/deliPack/DelipackSuper/vendor/laravel/framework/src/Illuminate/Pipeline/Pipeline.php(163): Illuminate\\Foundation\\Http\\Middleware\\CheckForMaintenanceMode->handle(Object(Illuminate\\Http\\Request), Object(Closure))
#35 /Users/gh0stm0de/Desktop/deliPack/DelipackSuper/vendor/laravel/framework/src/Illuminate/Routing/Pipeline.php(53): Illuminate\\Pipeline\\Pipeline->Illuminate\\Pipeline\\{closure}(Object(Illuminate\\Http\\Request))
#36 /Users/gh0stm0de/Desktop/deliPack/DelipackSuper/vendor/laravel/framework/src/Illuminate/Pipeline/Pipeline.php(104): Illuminate\\Routing\\Pipeline->Illuminate\\Routing\\{closure}(Object(Illuminate\\Http\\Request))
#37 /Users/gh0stm0de/Desktop/deliPack/DelipackSuper/vendor/laravel/framework/src/Illuminate/Foundation/Http/Kernel.php(151): Illuminate\\Pipeline\\Pipeline->then(Object(Closure))
#38 /Users/gh0stm0de/Desktop/deliPack/DelipackSuper/vendor/laravel/framework/src/Illuminate/Foundation/Http/Kernel.php(116): Illuminate\\Foundation\\Http\\Kernel->sendRequestThroughRouter(Object(Illuminate\\Http\\Request))
#39 /Users/gh0stm0de/Desktop/deliPack/DelipackSuper/public/index.php(55): Illuminate\\Foundation\\Http\\Kernel->handle(Object(Illuminate\\Http\\Request))
#40 /Users/gh0stm0de/Desktop/deliPack/DelipackSuper/server.php(21): require_once('/Users/gh0stm0d...')
#41 {main}
"} 
