[2019-06-19 15:00:57] local.ERROR: Command "cache:config" is not defined.

Did you mean one of these?
    cache:clear
    cache:forget
    cache:table {"exception":"[object] (Symfony\\Component\\Console\\Exception\\CommandNotFoundException(code: 0): Command \"cache:config\" is not defined.

Did you mean one of these?
    cache:clear
    cache:forget
    cache:table at /Users/gh0stm0de/Desktop/deliPack/DelipackSuper/vendor/symfony/console/Application.php:652)
[stacktrace]
#0 /Users/gh0stm0de/Desktop/deliPack/DelipackSuper/vendor/symfony/console/Application.php(237): Symfony\\Component\\Console\\Application->find('cache:config')
#1 /Users/gh0stm0de/Desktop/deliPack/DelipackSuper/vendor/symfony/console/Application.php(149): Symfony\\Component\\Console\\Application->doRun(Object(Symfony\\Component\\Console\\Input\\ArgvInput), Object(Symfony\\Component\\Console\\Output\\ConsoleOutput))
#2 /Users/gh0stm0de/Desktop/deliPack/DelipackSuper/vendor/laravel/framework/src/Illuminate/Console/Application.php(90): Symfony\\Component\\Console\\Application->run(Object(Symfony\\Component\\Console\\Input\\ArgvInput), Object(Symfony\\Component\\Console\\Output\\ConsoleOutput))
#3 /Users/gh0stm0de/Desktop/deliPack/DelipackSuper/vendor/laravel/framework/src/Illuminate/Foundation/Console/Kernel.php(133): Illuminate\\Console\\Application->run(Object(Symfony\\Component\\Console\\Input\\ArgvInput), Object(Symfony\\Component\\Console\\Output\\ConsoleOutput))
#4 /Users/gh0stm0de/Desktop/deliPack/DelipackSuper/artisan(37): Illuminate\\Foundation\\Console\\Kernel->handle(Object(Symfony\\Component\\Console\\Input\\ArgvInput), Object(Symfony\\Component\\Console\\Output\\ConsoleOutput))
#5 {main}
"} 
[2019-06-19 15:01:04] local.ERROR: Command "config:cahce" is not defined.

Did you mean one of these?
    config:cache
    config:clear {"exception":"[object] (Symfony\\Component\\Console\\Exception\\CommandNotFoundException(code: 0): Command \"config:cahce\" is not defined.

Did you mean one of these?
    config:cache
    config:clear at /Users/gh0stm0de/Desktop/deliPack/DelipackSuper/vendor/symfony/console/Application.php:652)
[stacktrace]
#0 /Users/gh0stm0de/Desktop/deliPack/DelipackSuper/vendor/symfony/console/Application.php(237): Symfony\\Component\\Console\\Application->find('config:cahce')
#1 /Users/gh0stm0de/Desktop/deliPack/DelipackSuper/vendor/symfony/console/Application.php(149): Symfony\\Component\\Console\\Application->doRun(Object(Symfony\\Component\\Console\\Input\\ArgvInput), Object(Symfony\\Component\\Console\\Output\\ConsoleOutput))
#2 /Users/gh0stm0de/Desktop/deliPack/DelipackSuper/vendor/laravel/framework/src/Illuminate/Console/Application.php(90): Symfony\\Component\\Console\\Application->run(Object(Symfony\\Component\\Console\\Input\\ArgvInput), Object(Symfony\\Component\\Console\\Output\\ConsoleOutput))
#3 /Users/gh0stm0de/Desktop/deliPack/DelipackSuper/vendor/laravel/framework/src/Illuminate/Foundation/Console/Kernel.php(133): Illuminate\\Console\\Application->run(Object(Symfony\\Component\\Console\\Input\\ArgvInput), Object(Symfony\\Component\\Console\\Output\\ConsoleOutput))
#4 /Users/gh0stm0de/Desktop/deliPack/DelipackSuper/artisan(37): Illuminate\\Foundation\\Console\\Kernel->handle(Object(Symfony\\Component\\Console\\Input\\ArgvInput), Object(Symfony\\Component\\Console\\Output\\ConsoleOutput))
#5 {main}
"} 
